0 info it worked if it ends with ok
1 verbose cli [ '/home/lbertrand/n/bin/node',
1 verbose cli   '/home/lbertrand/n/bin/npm',
1 verbose cli   'run',
1 verbose cli   'test' ]
2 info using npm@3.8.9
3 info using node@v6.2.0
4 verbose run-script [ 'pretest', 'test', 'posttest' ]
5 info lifecycle stargate@1.0.0~pretest: stargate@1.0.0
6 silly lifecycle stargate@1.0.0~pretest: no script for pretest, continuing
7 info lifecycle stargate@1.0.0~test: stargate@1.0.0
8 verbose lifecycle stargate@1.0.0~test: unsafe-perm in lifecycle true
9 verbose lifecycle stargate@1.0.0~test: PATH: /home/lbertrand/n/lib/node_modules/npm/bin/node-gyp-bin:/home/lbertrand/Documents/PERSO/stargate/node_modules/.bin:/home/lbertrand/n/bin:/usr/local/sbin:/usr/local/bin:/usr/sbin:/usr/bin:/sbin:/bin:/usr/games:/usr/local/games:/home/lbertrand/n/bin
10 verbose lifecycle stargate@1.0.0~test: CWD: /home/lbertrand/Documents/PERSO/stargate
11 silly lifecycle stargate@1.0.0~test: Args: [ '-c', 'jest' ]
12 silly lifecycle stargate@1.0.0~test: Returned: code: 1  signal: null
13 info lifecycle stargate@1.0.0~test: Failed to exec test script
14 verbose stack Error: stargate@1.0.0 test: `jest`
14 verbose stack Exit status 1
14 verbose stack     at EventEmitter.<anonymous> (/home/lbertrand/n/lib/node_modules/npm/lib/utils/lifecycle.js:245:16)
14 verbose stack     at emitTwo (events.js:106:13)
14 verbose stack     at EventEmitter.emit (events.js:191:7)
14 verbose stack     at ChildProcess.<anonymous> (/home/lbertrand/n/lib/node_modules/npm/lib/utils/spawn.js:24:14)
14 verbose stack     at emitTwo (events.js:106:13)
14 verbose stack     at ChildProcess.emit (events.js:191:7)
14 verbose stack     at maybeClose (internal/child_process.js:850:16)
14 verbose stack     at Process.ChildProcess._handle.onexit (internal/child_process.js:215:5)
15 verbose pkgid stargate@1.0.0
16 verbose cwd /home/lbertrand/Documents/PERSO/stargate
17 error Linux 3.16.0-77-generic
18 error argv "/home/lbertrand/n/bin/node" "/home/lbertrand/n/bin/npm" "run" "test"
19 error node v6.2.0
20 error npm  v3.8.9
21 error code ELIFECYCLE
22 error stargate@1.0.0 test: `jest`
22 error Exit status 1
23 error Failed at the stargate@1.0.0 test script 'jest'.
23 error Make sure you have the latest version of node.js and npm installed.
23 error If you do, this is most likely a problem with the stargate package,
23 error not with npm itself.
23 error Tell the author that this fails on your system:
23 error     jest
23 error You can get information on how to open an issue for this project with:
23 error     npm bugs stargate
23 error Or if that isn't available, you can get their info via:
23 error     npm owner ls stargate
23 error There is likely additional logging output above.
24 verbose exit [ 1, true ]
